<?xml version="1.0" encoding="UTF-8"?>
<!-- Generated by org.testng.reporters.JUnitXMLReporter -->
<testsuite hostname="EC2AMAZ-3QKM3F2" ignored="2" name="javajenkins" tests="3" failures="0" timestamp="27 Feb 2019 15:42:59 GMT" time="79.714" errors="0">
  <testcase name="test" time="9.146" classname="localbrowsers.Chrome"/>
  <testcase name="test" time="4.967" classname="localbrowsers.Firefox"/>
  <testcase name="test" time="4.739" classname="localbrowsers.PhantomJS"/>
  <testcase name="test" time="0.0" classname="localbrowsers.Safari">
    <ignored/>
  </testcase> <!-- test -->
  <testcase name="test" time="0.0" classname="localbrowsers.Edge">
    <ignored/>
  </testcase> <!-- test -->
</testsuite> <!-- javajenkins -->
