<?xml version="1.0" encoding="UTF-8"?>
<testng-results skipped="0" failed="0" ignored="2" total="5" passed="3">
  <reporter-output>
  </reporter-output>
  <suite name="Windows Test Suite" duration-ms="79714" started-at="2019-02-27T15:41:39Z" finished-at="2019-02-27T15:42:59Z">
    <groups>
      <group name="windows">
        <method signature="Chrome.test()[pri:0, instance:localbrowsers.Chrome@71870da7]" name="test" class="localbrowsers.Chrome"/>
        <method signature="Firefox.test()[pri:0, instance:localbrowsers.Firefox@6dd91637]" name="test" class="localbrowsers.Firefox"/>
        <method signature="PhantomJS.test()[pri:0, instance:localbrowsers.PhantomJS@45792847]" name="test" class="localbrowsers.PhantomJS"/>
      </group> <!-- windows -->
      <group name="mac">
        <method signature="Chrome.test()[pri:0, instance:localbrowsers.Chrome@71870da7]" name="test" class="localbrowsers.Chrome"/>
        <method signature="Firefox.test()[pri:0, instance:localbrowsers.Firefox@6dd91637]" name="test" class="localbrowsers.Firefox"/>
        <method signature="PhantomJS.test()[pri:0, instance:localbrowsers.PhantomJS@45792847]" name="test" class="localbrowsers.PhantomJS"/>
      </group> <!-- mac -->
    </groups>
    <test name="javajenkins" duration-ms="79714" started-at="2019-02-27T15:41:39Z" finished-at="2019-02-27T15:42:59Z">
      <class name="localbrowsers.Chrome">
        <test-method status="PASS" signature="chromeSetup()[pri:0, instance:localbrowsers.Chrome@71870da7]" name="chromeSetup" is-config="true" duration-ms="19957" started-at="2019-02-27T15:41:39Z" finished-at="2019-02-27T15:41:59Z">
          <reporter-output>
          </reporter-output>
        </test-method> <!-- chromeSetup -->
        <test-method status="PASS" signature="firefoxSetup()[pri:0, instance:localbrowsers.Firefox@6dd91637]" name="firefoxSetup" is-config="true" duration-ms="25545" started-at="2019-02-27T15:41:59Z" finished-at="2019-02-27T15:42:24Z">
          <reporter-output>
          </reporter-output>
        </test-method> <!-- firefoxSetup -->
        <test-method status="PASS" signature="phantomJSSetup()[pri:0, instance:localbrowsers.PhantomJS@45792847]" name="phantomJSSetup" is-config="true" duration-ms="9772" started-at="2019-02-27T15:42:24Z" finished-at="2019-02-27T15:42:34Z">
          <reporter-output>
          </reporter-output>
        </test-method> <!-- phantomJSSetup -->
        <test-method status="PASS" signature="test()[pri:0, instance:localbrowsers.Chrome@71870da7]" name="test" duration-ms="9146" started-at="2019-02-27T15:42:34Z" finished-at="2019-02-27T15:42:43Z">
          <reporter-output>
          </reporter-output>
        </test-method> <!-- test -->
        <test-method status="PASS" signature="testTeardown()[pri:0, instance:localbrowsers.Chrome@71870da7]" name="testTeardown" is-config="true" duration-ms="2697" started-at="2019-02-27T15:42:53Z" finished-at="2019-02-27T15:42:56Z">
          <reporter-output>
          </reporter-output>
        </test-method> <!-- testTeardown -->
        <test-method status="PASS" signature="testTeardown()[pri:0, instance:localbrowsers.Firefox@6dd91637]" name="testTeardown" is-config="true" duration-ms="1797" started-at="2019-02-27T15:42:56Z" finished-at="2019-02-27T15:42:58Z">
          <reporter-output>
          </reporter-output>
        </test-method> <!-- testTeardown -->
        <test-method status="PASS" signature="testTeardown()[pri:0, instance:localbrowsers.PhantomJS@45792847]" name="testTeardown" is-config="true" duration-ms="1000" started-at="2019-02-27T15:42:58Z" finished-at="2019-02-27T15:42:59Z">
          <reporter-output>
          </reporter-output>
        </test-method> <!-- testTeardown -->
      </class> <!-- localbrowsers.Chrome -->
      <class name="localbrowsers.Firefox">
        <test-method status="PASS" signature="test()[pri:0, instance:localbrowsers.Firefox@6dd91637]" name="test" duration-ms="4967" started-at="2019-02-27T15:42:43Z" finished-at="2019-02-27T15:42:48Z">
          <reporter-output>
          </reporter-output>
        </test-method> <!-- test -->
      </class> <!-- localbrowsers.Firefox -->
      <class name="localbrowsers.PhantomJS">
        <test-method status="PASS" signature="test()[pri:0, instance:localbrowsers.PhantomJS@45792847]" name="test" duration-ms="4739" started-at="2019-02-27T15:42:48Z" finished-at="2019-02-27T15:42:53Z">
          <reporter-output>
          </reporter-output>
        </test-method> <!-- test -->
      </class> <!-- localbrowsers.PhantomJS -->
    </test> <!-- javajenkins -->
  </suite> <!-- Windows Test Suite -->
</testng-results>
